<?xml version="1.0" encoding="UTF-8"?>
<!-- Generated by org.testng.reporters.JUnitReportReporter -->
<testsuite hostname="LTIN654042" failures="2" tests="2" name="com.identifycourses.runners.RerunTestRunner" time="48.037" errors="0" timestamp="2025-08-31T14:40:13 IST" skipped="0">
  <testcase classname="com.identifycourses.runners.RerunTestRunner" name="runScenario" time="25.034">
    <failure message="null" type="java.lang.AssertionError">
      <![CDATA[java.lang.AssertionError: null
at org.testng.Assert.fail(Assert.java:111)
at org.testng.Assert.fail(Assert.java:116)
at com.identifycourses.stepdefinitions.SearchCoursesSteps.the_user_searches_for(SearchCoursesSteps.java:20)
at ✽.the user searches for "web development"(file:///C:/Users/2421375/Downloads/IdentifyCourses%202/IdentifyCourses/IdentifyCourses2/src/test/resources/features/1_search_courses.feature:6)
]]>
    </failure>
  </testcase> <!-- runScenario -->
  <testcase classname="com.identifycourses.runners.RerunTestRunner" name="runScenario" time="23.003">
    <failure message="null" type="java.lang.AssertionError">
      <![CDATA[java.lang.AssertionError: null
at org.testng.Assert.fail(Assert.java:111)
at org.testng.Assert.fail(Assert.java:116)
at com.identifycourses.stepdefinitions.SearchCoursesSteps.the_user_searches_for(SearchCoursesSteps.java:20)
at ✽.the user searches for "web development"(file:///C:/Users/2421375/Downloads/IdentifyCourses%202/IdentifyCourses/IdentifyCourses2/src/test/resources/features/2_filter_extract.feature:6)
]]>
    </failure>
  </testcase> <!-- runScenario -->
</testsuite> <!-- com.identifycourses.runners.RerunTestRunner -->
